<?xml version="1.0" encoding="UTF-8"?>
<testsuite xmlns:xsi="http://www.w3.org/2001/XMLSchema-instance" xsi:noNamespaceSchemaLocation="https://maven.apache.org/surefire/maven-failsafe-plugin/xsd/failsafe-test-report.xsd" version="3.0.1" name="practice.it.MultipleContainersIT" time="7.981" tests="2" errors="0" skipped="0" failures="0">
  <properties>
[...]
</properties>
  <testcase name="callIndexPageOnSecondContainer" classname="practice.it.MultipleContainersIT" time="6.224"/>
  <testcase name="callIndexPage" classname="practice.it.MultipleContainersIT" time="1.599"/>
</testsuite>